<?xml version="1.0" encoding="UTF-8"?>
<!-- Generated by org.testng.reporters.JUnitReportReporter -->
<testsuite hostname="DDCBU-syarlagad" name="testCases.Search" tests="1" failures="0" timestamp="10 Mar 2015 09:08:44 GMT" time="6.499" errors="0">
  <testcase name="testSearch" time="6.499" classname="testCases.Search"/>
</testsuite> <!-- testCases.Search -->
